# JRE version: Java(TM) SE Runtime Environment (8.0-b132) (build 1.8.0-b132)
# Java VM: Java HotSpot(TM) 64-Bit Server VM (25.0-b70 mixed mode bsd-amd64 compressed oops)
Heap:
 PSYoungGen      total 10240K, used 4339K [0x0000000795580000, 0x0000000796680000, 0x00000007c0000000)
  eden space 8192K, 30% used [0x0000000795580000,0x00000007957e8e50,0x0000000795d80000)
  from space 2048K, 91% used [0x0000000795d80000,0x0000000795f54010,0x0000000795f80000)
  to   space 2048K, 0% used [0x0000000796480000,0x0000000796480000,0x0000000796680000)
 ParOldGen       total 129536K, used 2280K [0x0000000740000000, 0x0000000747e80000, 0x0000000795580000)
  object space 129536K, 1% used [0x0000000740000000,0x000000074023a3f0,0x0000000747e80000)
 Metaspace       used 13120K, capacity 13224K, committed 13440K, reserved 1060864K
  class space    used 2083K, capacity 2134K, committed 2176K, reserved 1048576K
GC Heap History (10 events):
Event: 0.353 GC heap before
{Heap before GC invocations=5 (full 0):
 PSYoungGen      total 2560K, used 2439K [0x0000000795580000, 0x0000000795880000, 0x00000007c0000000)
  eden space 2048K, 95% used [0x0000000795580000,0x0000000795769f08,0x0000000795780000)
  from space 512K, 93% used [0x0000000795800000,0x0000000795878020,0x0000000795880000)
  to   space 512K, 0% used [0x0000000795780000,0x0000000795780000,0x0000000795800000)
 ParOldGen       total 129536K, used 360K [0x0000000740000000, 0x0000000747e80000, 0x0000000795580000)
  object space 129536K, 0% used [0x0000000740000000,0x000000074005a000,0x0000000747e80000)
 Metaspace       used 5103K, capacity 6144K, committed 6272K, reserved 1056768K
  class space    used 544K, capacity 552K, committed 640K, reserved 1048576K
Event: 0.354 GC heap after
Heap after GC invocations=5 (full 0):
 PSYoungGen      total 2560K, used 496K [0x0000000795580000, 0x0000000795b80000, 0x00000007c0000000)
  eden space 2048K, 0% used [0x0000000795580000,0x0000000795580000,0x0000000795780000)
  from space 512K, 96% used [0x0000000795780000,0x00000007957fc010,0x0000000795800000)
  to   space 1024K, 0% used [0x0000000795a80000,0x0000000795a80000,0x0000000795b80000)
 ParOldGen       total 129536K, used 540K [0x0000000740000000, 0x0000000747e80000, 0x0000000795580000)
  object space 129536K, 0% used [0x0000000740000000,0x0000000740087020,0x0000000747e80000)
 Metaspace       used 5103K, capacity 6144K, committed 6272K, reserved 1056768K
  class space    used 544K, capacity 552K, committed 640K, reserved 1048576K
}
Event: 0.518 GC heap before
{Heap before GC invocations=6 (full 0):
 PSYoungGen      total 2560K, used 2544K [0x0000000795580000, 0x0000000795b80000, 0x00000007c0000000)
  eden space 2048K, 100% used [0x0000000795580000,0x0000000795780000,0x0000000795780000)
  from space 512K, 96% used [0x0000000795780000,0x00000007957fc010,0x0000000795800000)
  to   space 1024K, 0% used [0x0000000795a80000,0x0000000795a80000,0x0000000795b80000)
 ParOldGen       total 129536K, used 540K [0x0000000740000000, 0x0000000747e80000, 0x0000000795580000)
  object space 129536K, 0% used [0x0000000740000000,0x0000000740087020,0x0000000747e80000)
 Metaspace       used 5767K, capacity 6754K, committed 6912K, reserved 1056768K
  class space    used 697K, capacity 714K, committed 768K, reserved 1048576K
Event: 0.519 GC heap after
Heap after GC invocations=6 (full 0):
 PSYoungGen      total 5120K, used 1008K [0x0000000795580000, 0x0000000795b80000, 0x00000007c0000000)
  eden space 4096K, 0% used [0x0000000795580000,0x0000000795580000,0x0000000795980000)
  from space 1024K, 98% used [0x0000000795a80000,0x0000000795b7c020,0x0000000795b80000)
  to   space 1024K, 0% used [0x0000000795980000,0x0000000795980000,0x0000000795a80000)
 ParOldGen       total 129536K, used 596K [0x0000000740000000, 0x0000000747e80000, 0x0000000795580000)
  object space 129536K, 0% used [0x0000000740000000,0x0000000740095030,0x0000000747e80000)
 Metaspace       used 5767K, capacity 6754K, committed 6912K, reserved 1056768K
  class space    used 697K, capacity 714K, committed 768K, reserved 1048576K
}
Event: 0.631 GC heap before
{Heap before GC invocations=7 (full 0):
 PSYoungGen      total 5120K, used 5104K [0x0000000795580000, 0x0000000795b80000, 0x00000007c0000000)
  eden space 4096K, 100% used [0x0000000795580000,0x0000000795980000,0x0000000795980000)
  from space 1024K, 98% used [0x0000000795a80000,0x0000000795b7c020,0x0000000795b80000)
  to   space 1024K, 0% used [0x0000000795980000,0x0000000795980000,0x0000000795a80000)
 ParOldGen       total 129536K, used 596K [0x0000000740000000, 0x0000000747e80000, 0x0000000795580000)
  object space 129536K, 0% used [0x0000000740000000,0x0000000740095030,0x0000000747e80000)
 Metaspace       used 7406K, capacity 7868K, committed 7936K, reserved 1056768K
  class space    used 944K, capacity 970K, committed 1024K, reserved 1048576K
Event: 0.633 GC heap after
Heap after GC invocations=7 (full 0):
 PSYoungGen      total 5120K, used 992K [0x0000000795580000, 0x0000000796180000, 0x00000007c0000000)
  eden space 4096K, 0% used [0x0000000795580000,0x0000000795580000,0x0000000795980000)
  from space 1024K, 96% used [0x0000000795980000,0x0000000795a78010,0x0000000795a80000)
  to   space 2048K, 0% used [0x0000000795f80000,0x0000000795f80000,0x0000000796180000)
 ParOldGen       total 129536K, used 1504K [0x0000000740000000, 0x0000000747e80000, 0x0000000795580000)
  object space 129536K, 1% used [0x0000000740000000,0x00000007401783e0,0x0000000747e80000)
 Metaspace       used 7406K, capacity 7868K, committed 7936K, reserved 1056768K
  class space    used 944K, capacity 970K, committed 1024K, reserved 1048576K
}
Event: 0.760 GC heap before
{Heap before GC invocations=8 (full 0):
 PSYoungGen      total 5120K, used 5088K [0x0000000795580000, 0x0000000796180000, 0x00000007c0000000)
  eden space 4096K, 100% used [0x0000000795580000,0x0000000795980000,0x0000000795980000)
  from space 1024K, 96% used [0x0000000795980000,0x0000000795a78010,0x0000000795a80000)
  to   space 2048K, 0% used [0x0000000795f80000,0x0000000795f80000,0x0000000796180000)
 ParOldGen       total 129536K, used 1504K [0x0000000740000000, 0x0000000747e80000, 0x0000000795580000)
  object space 129536K, 1% used [0x0000000740000000,0x00000007401783e0,0x0000000747e80000)
 Metaspace       used 9415K, capacity 9528K, committed 9600K, reserved 1056768K
  class space    used 1343K, capacity 1398K, committed 1408K, reserved 1048576K
Event: 0.763 GC heap after
Heap after GC invocations=8 (full 0):
 PSYoungGen      total 10240K, used 1280K [0x0000000795580000, 0x0000000796180000, 0x00000007c0000000)
  eden space 8192K, 0% used [0x0000000795580000,0x0000000795580000,0x0000000795d80000)
  from space 2048K, 62% used [0x0000000795f80000,0x00000007960c0010,0x0000000796180000)
  to   space 2048K, 0% used [0x0000000795d80000,0x0000000795d80000,0x0000000795f80000)
 ParOldGen       total 129536K, used 1656K [0x0000000740000000, 0x0000000747e80000, 0x0000000795580000)
  object space 129536K, 1% used [0x0000000740000000,0x000000074019e3e0,0x0000000747e80000)
 Metaspace       used 9415K, capacity 9528K, committed 9600K, reserved 1056768K
  class space    used 1343K, capacity 1398K, committed 1408K, reserved 1048576K
}
Event: 1.217 GC heap before
{Heap before GC invocations=9 (full 0):
 PSYoungGen      total 10240K, used 9472K [0x0000000795580000, 0x0000000796180000, 0x00000007c0000000)
  eden space 8192K, 100% used [0x0000000795580000,0x0000000795d80000,0x0000000795d80000)
  from space 2048K, 62% used [0x0000000795f80000,0x00000007960c0010,0x0000000796180000)
  to   space 2048K, 0% used [0x0000000795d80000,0x0000000795d80000,0x0000000795f80000)
 ParOldGen       total 129536K, used 1656K [0x0000000740000000, 0x0000000747e80000, 0x0000000795580000)
  object space 129536K, 1% used [0x0000000740000000,0x000000074019e3e0,0x0000000747e80000)
 Metaspace       used 12330K, capacity 12456K, committed 12800K, reserved 1060864K
  class space    used 1919K, capacity 1942K, committed 2048K, reserved 1048576K
Event: 1.219 GC heap after
Heap after GC invocations=9 (full 0):
 PSYoungGen      total 10240K, used 1872K [0x0000000795580000, 0x0000000796680000, 0x00000007c0000000)
  eden space 8192K, 0% used [0x0000000795580000,0x0000000795580000,0x0000000795d80000)
  from space 2048K, 91% used [0x0000000795d80000,0x0000000795f54010,0x0000000795f80000)
  to   space 2048K, 0% used [0x0000000796480000,0x0000000796480000,0x0000000796680000)
 ParOldGen       total 129536K, used 2280K [0x0000000740000000, 0x0000000747e80000, 0x0000000795580000)
  object space 129536K, 1% used [0x0000000740000000,0x000000074023a3f0,0x0000000747e80000)
 Metaspace       used 12330K, capacity 12456K, committed 12800K, reserved 1060864K
  class space    used 1919K, capacity 1942K, committed 2048K, reserved 1048576K
}

