# JRE version: Java(TM) SE Runtime Environment (8.0-b132) (build 1.8.0-b132)
# Java VM: Java HotSpot(TM) 64-Bit Server VM (25.0-b70 mixed mode bsd-amd64 compressed oops)
Heap:
 PSYoungGen      total 9216K, used 6504K [0x0000000795580000, 0x0000000796600000, 0x00000007c0000000)
  eden space 7168K, 62% used [0x0000000795580000,0x00000007959da198,0x0000000795c80000)
  from space 2048K, 100% used [0x0000000795c80000,0x0000000795e80000,0x0000000795e80000)
  to   space 2560K, 0% used [0x0000000796380000,0x0000000796380000,0x0000000796600000)
 ParOldGen       total 129536K, used 1784K [0x0000000740000000, 0x0000000747e80000, 0x0000000795580000)
  object space 129536K, 1% used [0x0000000740000000,0x00000007401be070,0x0000000747e80000)
 Metaspace       used 13123K, capacity 13224K, committed 13440K, reserved 1060864K
  class space    used 2084K, capacity 2134K, committed 2176K, reserved 1048576K
GC Heap History (10 events):
Event: 0.318 GC heap before
{Heap before GC invocations=5 (full 0):
 PSYoungGen      total 2560K, used 2455K [0x0000000795580000, 0x0000000795880000, 0x00000007c0000000)
  eden space 2048K, 95% used [0x0000000795580000,0x0000000795769ed8,0x0000000795780000)
  from space 512K, 96% used [0x0000000795800000,0x000000079587c010,0x0000000795880000)
  to   space 512K, 0% used [0x0000000795780000,0x0000000795780000,0x0000000795800000)
 ParOldGen       total 129536K, used 368K [0x0000000740000000, 0x0000000747e80000, 0x0000000795580000)
  object space 129536K, 0% used [0x0000000740000000,0x000000074005c000,0x0000000747e80000)
 Metaspace       used 5107K, capacity 6144K, committed 6272K, reserved 1056768K
  class space    used 544K, capacity 552K, committed 640K, reserved 1048576K
Event: 0.318 GC heap after
Heap after GC invocations=5 (full 0):
 PSYoungGen      total 2560K, used 496K [0x0000000795580000, 0x0000000795b80000, 0x00000007c0000000)
  eden space 2048K, 0% used [0x0000000795580000,0x0000000795580000,0x0000000795780000)
  from space 512K, 96% used [0x0000000795780000,0x00000007957fc010,0x0000000795800000)
  to   space 1024K, 0% used [0x0000000795a80000,0x0000000795a80000,0x0000000795b80000)
 ParOldGen       total 129536K, used 560K [0x0000000740000000, 0x0000000747e80000, 0x0000000795580000)
  object space 129536K, 0% used [0x0000000740000000,0x000000074008c010,0x0000000747e80000)
 Metaspace       used 5107K, capacity 6144K, committed 6272K, reserved 1056768K
  class space    used 544K, capacity 552K, committed 640K, reserved 1048576K
}
Event: 0.386 GC heap before
{Heap before GC invocations=6 (full 0):
 PSYoungGen      total 2560K, used 2544K [0x0000000795580000, 0x0000000795b80000, 0x00000007c0000000)
  eden space 2048K, 100% used [0x0000000795580000,0x0000000795780000,0x0000000795780000)
  from space 512K, 96% used [0x0000000795780000,0x00000007957fc010,0x0000000795800000)
  to   space 1024K, 0% used [0x0000000795a80000,0x0000000795a80000,0x0000000795b80000)
 ParOldGen       total 129536K, used 560K [0x0000000740000000, 0x0000000747e80000, 0x0000000795580000)
  object space 129536K, 0% used [0x0000000740000000,0x000000074008c010,0x0000000747e80000)
 Metaspace       used 5772K, capacity 6754K, committed 6912K, reserved 1056768K
  class space    used 697K, capacity 714K, committed 768K, reserved 1048576K
Event: 0.387 GC heap after
Heap after GC invocations=6 (full 0):
 PSYoungGen      total 4608K, used 1008K [0x0000000795580000, 0x0000000795c80000, 0x00000007c0000000)
  eden space 3584K, 0% used [0x0000000795580000,0x0000000795580000,0x0000000795900000)
  from space 1024K, 98% used [0x0000000795a80000,0x0000000795b7c020,0x0000000795b80000)
  to   space 1536K, 0% used [0x0000000795900000,0x0000000795900000,0x0000000795a80000)
 ParOldGen       total 129536K, used 624K [0x0000000740000000, 0x0000000747e80000, 0x0000000795580000)
  object space 129536K, 0% used [0x0000000740000000,0x000000074009c010,0x0000000747e80000)
 Metaspace       used 5772K, capacity 6754K, committed 6912K, reserved 1056768K
  class space    used 697K, capacity 714K, committed 768K, reserved 1048576K
}
Event: 0.466 GC heap before
{Heap before GC invocations=7 (full 0):
 PSYoungGen      total 4608K, used 4592K [0x0000000795580000, 0x0000000795c80000, 0x00000007c0000000)
  eden space 3584K, 100% used [0x0000000795580000,0x0000000795900000,0x0000000795900000)
  from space 1024K, 98% used [0x0000000795a80000,0x0000000795b7c020,0x0000000795b80000)
  to   space 1536K, 0% used [0x0000000795900000,0x0000000795900000,0x0000000795a80000)
 ParOldGen       total 129536K, used 624K [0x0000000740000000, 0x0000000747e80000, 0x0000000795580000)
  object space 129536K, 0% used [0x0000000740000000,0x000000074009c010,0x0000000747e80000)
 Metaspace       used 7217K, capacity 7784K, committed 7936K, reserved 1056768K
  class space    used 906K, capacity 912K, committed 1024K, reserved 1048576K
Event: 0.468 GC heap after
Heap after GC invocations=7 (full 0):
 PSYoungGen      total 5120K, used 1504K [0x0000000795580000, 0x0000000796080000, 0x00000007c0000000)
  eden space 3584K, 0% used [0x0000000795580000,0x0000000795580000,0x0000000795900000)
  from space 1536K, 97% used [0x0000000795900000,0x0000000795a78010,0x0000000795a80000)
  to   space 2048K, 0% used [0x0000000795e80000,0x0000000795e80000,0x0000000796080000)
 ParOldGen       total 129536K, used 960K [0x0000000740000000, 0x0000000747e80000, 0x0000000795580000)
  object space 129536K, 0% used [0x0000000740000000,0x00000007400f0060,0x0000000747e80000)
 Metaspace       used 7217K, capacity 7784K, committed 7936K, reserved 1056768K
  class space    used 906K, capacity 912K, committed 1024K, reserved 1048576K
}
Event: 0.558 GC heap before
{Heap before GC invocations=8 (full 0):
 PSYoungGen      total 5120K, used 5088K [0x0000000795580000, 0x0000000796080000, 0x00000007c0000000)
  eden space 3584K, 100% used [0x0000000795580000,0x0000000795900000,0x0000000795900000)
  from space 1536K, 97% used [0x0000000795900000,0x0000000795a78010,0x0000000795a80000)
  to   space 2048K, 0% used [0x0000000795e80000,0x0000000795e80000,0x0000000796080000)
 ParOldGen       total 129536K, used 960K [0x0000000740000000, 0x0000000747e80000, 0x0000000795580000)
  object space 129536K, 0% used [0x0000000740000000,0x00000007400f0060,0x0000000747e80000)
 Metaspace       used 9016K, capacity 9164K, committed 9344K, reserved 1056768K
  class space    used 1269K, capacity 1298K, committed 1408K, reserved 1048576K
Event: 0.560 GC heap after
Heap after GC invocations=8 (full 0):
 PSYoungGen      total 9216K, used 1760K [0x0000000795580000, 0x0000000796080000, 0x00000007c0000000)
  eden space 7168K, 0% used [0x0000000795580000,0x0000000795580000,0x0000000795c80000)
  from space 2048K, 85% used [0x0000000795e80000,0x0000000796038010,0x0000000796080000)
  to   space 2048K, 0% used [0x0000000795c80000,0x0000000795c80000,0x0000000795e80000)
 ParOldGen       total 129536K, used 1128K [0x0000000740000000, 0x0000000747e80000, 0x0000000795580000)
  object space 129536K, 0% used [0x0000000740000000,0x000000074011a060,0x0000000747e80000)
 Metaspace       used 9016K, capacity 9164K, committed 9344K, reserved 1056768K
  class space    used 1269K, capacity 1298K, committed 1408K, reserved 1048576K
}
Event: 0.941 GC heap before
{Heap before GC invocations=9 (full 0):
 PSYoungGen      total 9216K, used 8928K [0x0000000795580000, 0x0000000796080000, 0x00000007c0000000)
  eden space 7168K, 100% used [0x0000000795580000,0x0000000795c80000,0x0000000795c80000)
  from space 2048K, 85% used [0x0000000795e80000,0x0000000796038010,0x0000000796080000)
  to   space 2048K, 0% used [0x0000000795c80000,0x0000000795c80000,0x0000000795e80000)
 ParOldGen       total 129536K, used 1128K [0x0000000740000000, 0x0000000747e80000, 0x0000000795580000)
  object space 129536K, 0% used [0x0000000740000000,0x000000074011a060,0x0000000747e80000)
 Metaspace       used 11593K, capacity 11688K, committed 11904K, reserved 1058816K
  class space    used 1775K, capacity 1814K, committed 1920K, reserved 1048576K
Event: 0.944 GC heap after
Heap after GC invocations=9 (full 0):
 PSYoungGen      total 9216K, used 2048K [0x0000000795580000, 0x0000000796600000, 0x00000007c0000000)
  eden space 7168K, 0% used [0x0000000795580000,0x0000000795580000,0x0000000795c80000)
  from space 2048K, 100% used [0x0000000795c80000,0x0000000795e80000,0x0000000795e80000)
  to   space 2560K, 0% used [0x0000000796380000,0x0000000796380000,0x0000000796600000)
 ParOldGen       total 129536K, used 1784K [0x0000000740000000, 0x0000000747e80000, 0x0000000795580000)
  object space 129536K, 1% used [0x0000000740000000,0x00000007401be070,0x0000000747e80000)
 Metaspace       used 11593K, capacity 11688K, committed 11904K, reserved 1058816K
  class space    used 1775K, capacity 1814K, committed 1920K, reserved 1048576K
}

